COSMOS Windows Installer Version 2.6 
Installing to: D:\FRC\Stepper-Driver-Electronics\COSMOS 
COSMOS_VERSION="LATEST" 
PATH=C:\Program Files (x86)\NVIDIA Corporation\PhysX\Common;C:\Program Files\National Instruments\Shared\OpenVINO\;C:\Windows\system32;C:\Windows;C:\Windows\System32\Wbem;C:\Windows\System32\WindowsPowerShell\v1.0\;C:\Windows\System32\OpenSSH\;C:\Program Files\PuTTY\;C:\Program Files (x86)\IVI Foundation\VISA\WinNT\Bin\;C:\Program Files\IVI Foundation\VISA\Win64\Bin\;C:\Program Files (x86)\National Instruments\Shared\LabVIEW CLI;C:\Program Files (x86)\IVI Foundation\VISA\WinNT\Bin;C:\Users\Public\wpilib\2020\roborio\bin;C:\Users\Public\wpilib\2020\frccode;C:\Program Files\Git\cmd;C:\Program Files\Microsoft SQL Server\Client SDK\ODBC\110\Tools\Binn\;C:\Program Files (x86)\Microsoft SQL Server\120\Tools\Binn\;C:\Program Files\Microsoft SQL Server\120\Tools\Binn\;C:\Program Files\Microsoft SQL Server\120\DTS\Binn\;C:\Program Files (x86)\Windows Kits\8.1\Windows Performance Toolkit\;C:\Program Files\MiKTeX 2.9\miktex\bin\x64\;C:\Program Files\Microchip\xc8\v2.20\bin;C:\Program Files (x86)\STMicroelectronics\STM32 ST-LINK Utility\ST-LINK Utility;C:\Program Files\SALSA\bin\;C:\Program Files (x86)\Common Files\Pleora\eBUS SDK;C:\Program Files\Common Files\Pleora\eBUS SDK;C:\Program Files\Microchip\xc16\v1.60\bin;C:\Program Files (x86)\Microchip\xc8\v1.45\bin;C:\Ruby27-x64\bin;C:\Python27;C:\Python27\Scripts;C:\Users\Public\wpilib\2020\roborio\bin;C:\Users\Public\wpilib\2020\frccode;C:\Program Files\Java\jdk-14.0.1\bin;C:\Program Files (x86)\Nmap 
PROTOCOL=https 
RUBY_INSTALLER=rubyinstaller-devkit-2.5.8-1-x64.exe 
RUBY_INSTALLER_PATH=//github.com/oneclick/rubyinstaller2/releases/download/RubyInstaller-2.5.8-1/ 
RUBY_ABI_VERSION=2.5.0 
WKHTMLTOPDF=wkhtmltox-0.12.6-1.msvc2015-win64.exe 
WKHTMLPATHWITHPROTOCOL=https://github.com/wkhtmltopdf/packaging/releases/download/0.12.6-1/ 
QTBINDINGS_QT_VERSION=4.8.6.4 
USERDNSDOMAIN= 
BALL=0 
SSL_CERT_FILE= 
ADMIN=1 
PROCESSOR_ARCHITECTURE=AMD64 
 
Successfully downloaded 64-bit Ruby from: https://github.com/oneclick/rubyinstaller2/releases/download/RubyInstaller-2.5.8-1/rubyinstaller-devkit-2.5.8-1-x64.exe 
Successfully installed 64-bit Ruby 
Successfully downloaded WkHtmlToPdf from: https://github.com/wkhtmltopdf/packaging/releases/download/0.12.6-1/wkhtmltox-0.12.6-1.msvc2015-win64.exe 
Successfully installed WkHtmlToPdf 
Successfully downloaded COSMOS Windows files from: https://github.com/BallAerospace/COSMOS/blob/cosmos4/vendor/installers/windows/COSMOS_Windows_Install.zip?raw=true 
Successfully unzipped COSMOS Windows files 
Successfully installed cosmos gem 
Successfully moved qt dlls 
Successfully fixed ruby stubs 
Successfully created cosmos Basic 
Successfully created cosmos Demo 
Successfully created COSMOS_DIR environment variable 
